<?xml version="1.0" encoding="UTF-8"?>
<!-- Generated by org.testng.reporters.JUnitXMLReporter -->
<testsuite hostname="LIS-82QKGH2" name="Command line test" tests="82" failures="0" timestamp="29 Sep 2020 11:53:25 GMT" time="69.387" errors="0">
  <testcase name="excelManagerFailure" time="0.059" classname="knowler_unitTests.TestLogic"/>
  <testcase name="excelManagerSuccess" time="0.197" classname="knowler_unitTests.TestLogic"/>
  <testcase name="excelManagerTestDataFailure" time="0.0" classname="knowler_unitTests.TestLogic"/>
  <testcase name="excelManagerTestDataSuccess" time="0.103" classname="knowler_unitTests.TestLogic"/>
  <testcase name="testCheckClassFail" time="0.068" classname="knowler_unitTests.TestLogic"/>
  <testcase name="testCheckClassSuccess" time="0.029" classname="knowler_unitTests.TestLogic"/>
  <testcase name="testCheckContemFail" time="0.025" classname="knowler_unitTests.TestLogic"/>
  <testcase name="testCheckContemSuccess" time="0.016" classname="knowler_unitTests.TestLogic"/>
  <testcase name="testCheckCorFail" time="0.017" classname="knowler_unitTests.TestLogic"/>
  <testcase name="testCheckCorSuccess" time="0.018" classname="knowler_unitTests.TestLogic"/>
  <testcase name="testCheckDisponivelInvalidValue" time="0.011" classname="knowler_unitTests.TestLogic"/>
  <testcase name="testCheckDisponivelNaoFail" time="0.046" classname="knowler_unitTests.TestLogic"/>
  <testcase name="testCheckDisponivelNaoSuccess" time="0.02" classname="knowler_unitTests.TestLogic"/>
  <testcase name="testCheckDisponivelSimFail" time="0.017" classname="knowler_unitTests.TestLogic"/>
  <testcase name="testCheckDisponivelSimSuccess" time="0.031" classname="knowler_unitTests.TestLogic"/>
  <testcase name="testCheckInvalidAttributeName" time="0.0" classname="knowler_unitTests.TestLogic"/>
  <testcase name="testCheckInvalidXpath" time="0.03" classname="knowler_unitTests.TestLogic"/>
  <testcase name="testCheckNullxPath" time="0.0" classname="knowler_unitTests.TestLogic"/>
  <testcase name="testCheckTextoFail" time="0.06" classname="knowler_unitTests.TestLogic"/>
  <testcase name="testCheckTextoSuccess" time="0.027" classname="knowler_unitTests.TestLogic"/>
  <testcase name="testCheckUrlFail" time="0.006" classname="knowler_unitTests.TestLogic"/>
  <testcase name="testCheckUrlSuccess" time="0.007" classname="knowler_unitTests.TestLogic"/>
  <testcase name="testCheckVisivelInvalidValue" time="0.011" classname="knowler_unitTests.TestLogic"/>
  <testcase name="testCheckVisivelNaoFail" time="0.025" classname="knowler_unitTests.TestLogic"/>
  <testcase name="testCheckVisivelNaoSuccess" time="0.033" classname="knowler_unitTests.TestLogic"/>
  <testcase name="testCheckVisivelSimFail" time="0.017" classname="knowler_unitTests.TestLogic"/>
  <testcase name="testCheckVisivelSimSuccess" time="0.029" classname="knowler_unitTests.TestLogic"/>
  <testcase name="testClickFailure" time="0.021" classname="knowler_unitTests.TestLogic"/>
  <testcase name="testClickNull" time="0.0" classname="knowler_unitTests.TestLogic"/>
  <testcase name="testClickSuccess" time="0.133" classname="knowler_unitTests.TestLogic"/>
  <testcase name="testClickXYInvalidX" time="0.0" classname="knowler_unitTests.TestLogic"/>
  <testcase name="testClickXYInvalidXY" time="0.0" classname="knowler_unitTests.TestLogic"/>
  <testcase name="testClickXYInvalidY" time="0.0" classname="knowler_unitTests.TestLogic"/>
  <testcase name="testClickXYSuccess" time="0.212" classname="knowler_unitTests.TestLogic"/>
  <testcase name="testMoveMouseObjectInvalidxPath" time="0.01" classname="knowler_unitTests.TestLogic"/>
  <testcase name="testMoveMouseObjectNullxPath" time="0.001" classname="knowler_unitTests.TestLogic"/>
  <testcase name="testMoveMouseObjectSuccess" time="0.118" classname="knowler_unitTests.TestLogic"/>
  <testcase name="testMoveMouseXYInvalidX" time="0.0" classname="knowler_unitTests.TestLogic"/>
  <testcase name="testMoveMouseXYInvalidXY" time="0.0" classname="knowler_unitTests.TestLogic"/>
  <testcase name="testMoveMouseXYInvalidY" time="0.0" classname="knowler_unitTests.TestLogic"/>
  <testcase name="testMoveMouseXYSuccess" time="0.209" classname="knowler_unitTests.TestLogic"/>
  <testcase name="testNavigateFailure" time="14.539" classname="knowler_unitTests.TestLogic"/>
  <testcase name="testNavigateSuccess" time="1.482" classname="knowler_unitTests.TestLogic"/>
  <testcase name="testPasteValueEmptyValue" time="0.254" classname="knowler_unitTests.TestLogic"/>
  <testcase name="testPasteValueInvalidxPath" time="0.027" classname="knowler_unitTests.TestLogic"/>
  <testcase name="testPasteValueNullValue" time="0.053" classname="knowler_unitTests.TestLogic"/>
  <testcase name="testPasteValueNullxPath" time="0.0" classname="knowler_unitTests.TestLogic"/>
  <testcase name="testPasteValueSuccess" time="0.071" classname="knowler_unitTests.TestLogic"/>
  <testcase name="testReadDynamicLineSuccess" time="0.004" classname="knowler_unitTests.TestLogic"/>
  <testcase name="testReadDynamicValueSuccess" time="0.001" classname="knowler_unitTests.TestLogic"/>
  <testcase name="testScrollXYInvalidX" time="0.0" classname="knowler_unitTests.TestLogic"/>
  <testcase name="testScrollXYSuccess" time="0.009" classname="knowler_unitTests.TestLogic"/>
  <testcase name="testSelectInvalidValue" time="0.046" classname="knowler_unitTests.TestLogic"/>
  <testcase name="testSelectInvalidXpath" time="0.017" classname="knowler_unitTests.TestLogic"/>
  <testcase name="testSelectNullxPath" time="0.0" classname="knowler_unitTests.TestLogic"/>
  <testcase name="testSelectSuccess" time="0.082" classname="knowler_unitTests.TestLogic"/>
  <testcase name="testSelectWindowSuccess" time="0.004" classname="knowler_unitTests.TestLogic"/>
  <testcase name="testSetInvalid" time="0.015" classname="knowler_unitTests.TestLogic"/>
  <testcase name="testSetNull" time="0.02" classname="knowler_unitTests.TestLogic"/>
  <testcase name="testSetSuccess" time="0.089" classname="knowler_unitTests.TestLogic"/>
  <testcase name="testSwitchInvalid" time="0.005" classname="knowler_unitTests.TestLogic"/>
  <testcase name="testSwitchSuccess" time="0.011" classname="knowler_unitTests.TestLogic"/>
  <testcase name="testTypeNullxPath" time="0.0" classname="knowler_unitTests.TestLogic"/>
  <testcase name="testTypeSuccessWith1Word" time="0.039" classname="knowler_unitTests.TestLogic"/>
  <testcase name="testTypeSuccessWith2Words" time="0.033" classname="knowler_unitTests.TestLogic"/>
  <testcase name="testTypeSuccessWithAlt" time="0.042" classname="knowler_unitTests.TestLogic"/>
  <testcase name="testTypeSuccessWithAltAndWord" time="0.046" classname="knowler_unitTests.TestLogic"/>
  <testcase name="testTypeSuccessWithCtrl" time="0.036" classname="knowler_unitTests.TestLogic"/>
  <testcase name="testTypeSuccessWithCtrlAndWord" time="0.028" classname="knowler_unitTests.TestLogic"/>
  <testcase name="testTypeSuccessWithNull" time="0.0" classname="knowler_unitTests.TestLogic"/>
  <testcase name="testTypeSuccessWithShift" time="0.023" classname="knowler_unitTests.TestLogic"/>
  <testcase name="testTypeSuccessWithShiftAndWord" time="0.031" classname="knowler_unitTests.TestLogic"/>
  <testcase name="testWaitForElementFailure" time="10.217" classname="knowler_unitTests.TestLogic"/>
  <testcase name="testWaitForElementNull" time="0.0" classname="knowler_unitTests.TestLogic"/>
  <testcase name="testWaitForElementSuccess" time="0.035" classname="knowler_unitTests.TestLogic"/>
  <testcase name="testWaitLettersInValue" time="0.0" classname="knowler_unitTests.TestLogic"/>
  <testcase name="testWaitNegativeValue" time="0.0" classname="knowler_unitTests.TestLogic"/>
  <testcase name="testWaitSuccess" time="1.0" classname="knowler_unitTests.TestLogic"/>
  <testcase name="testWriteDynamicLineInvalid" time="0.0" classname="knowler_unitTests.TestLogic"/>
  <testcase name="testWriteDynamicLineSuccess" time="0.002" classname="knowler_unitTests.TestLogic"/>
  <testcase name="testWriteDynamicValueInvalid" time="0.0" classname="knowler_unitTests.TestLogic"/>
  <testcase name="testWriteDynamicValueSuccess" time="0.002" classname="knowler_unitTests.TestLogic"/>
</testsuite> <!-- Command line test -->
